<?xml version="1.0" encoding="UTF-8"?>
<testsuite name="Tests" tests="4" skipped="0" failures="0" errors="0" timestamp="2022-04-10T09:34:18" hostname="Ashleys-MBP" time="0.037">
  <properties/>
  <testcase name="testSolution" classname="Tests" time="0.017"/>
  <testcase name="testSolution2" classname="Tests" time="0.004"/>
  <testcase name="testSolution3" classname="Tests" time="0.008"/>
  <testcase name="testSolution4" classname="Tests" time="0.005"/>
  <system-out><![CDATA[]]></system-out>
  <system-err><![CDATA[]]></system-err>
</testsuite>
