<?xml version="1.0" encoding="UTF-8"?>
<testsuite name="Tests" tests="5" skipped="0" failures="0" errors="0" timestamp="2022-04-10T12:44:07" hostname="Ashleys-MBP" time="0.046">
  <properties/>
  <testcase name="testSolution" classname="Tests" time="0.018"/>
  <testcase name="testSolution2" classname="Tests" time="0.008"/>
  <testcase name="testSolution3" classname="Tests" time="0.007"/>
  <testcase name="testSolution4" classname="Tests" time="0.006"/>
  <testcase name="testSolution5" classname="Tests" time="0.006"/>
  <system-out><![CDATA[]]></system-out>
  <system-err><![CDATA[]]></system-err>
</testsuite>
