<?xml version="1.0" encoding="UTF-8"?>
<testsuite name="Tests" tests="4" skipped="0" failures="0" errors="0" timestamp="2022-04-10T08:24:01" hostname="Ashleys-MBP" time="0.045">
  <properties/>
  <testcase name="testSolution" classname="Tests" time="0.016"/>
  <testcase name="testSolution2" classname="Tests" time="0.009"/>
  <testcase name="testSolution3" classname="Tests" time="0.01"/>
  <testcase name="testSolution4" classname="Tests" time="0.007"/>
  <system-out><![CDATA[]]></system-out>
  <system-err><![CDATA[]]></system-err>
</testsuite>
