<?xml version="1.0" encoding="UTF-8"?>
<testsuite name="Tests" tests="4" skipped="0" failures="0" errors="0" timestamp="2022-04-10T08:57:45" hostname="Ashleys-MBP" time="0.04">
  <properties/>
  <testcase name="testSolution" classname="Tests" time="0.022"/>
  <testcase name="testSolution2" classname="Tests" time="0.006"/>
  <testcase name="testSolution3" classname="Tests" time="0.005"/>
  <testcase name="testSolution4" classname="Tests" time="0.005"/>
  <system-out><![CDATA[]]></system-out>
  <system-err><![CDATA[]]></system-err>
</testsuite>
